[2026-01-20 16:19:53,820] INFO - Created directoriy at artifacts
[2026-01-20 16:19:53,820] INFO - Created directoriy at artifacts/data_ingestion
[2026-01-20 16:19:53,820] INFO - Data ingestion starting...
[2026-01-20 16:19:54,419] INFO - artifacts/data_ingestion/data.zip download with info Connection: close
Content-Length: 54289
Cache-Control: max-age=300
Content-Security-Policy: default-src 'none'; style-src 'unsafe-inline'; sandbox
Content-Type: text/plain; charset=utf-8
ETag: "8d836f620e9bf91c69c36c8f22cbb820c4298fe7fd06ed2e923cf62c5fe78872"
Strict-Transport-Security: max-age=31536000
X-Content-Type-Options: nosniff
X-Frame-Options: deny
X-XSS-Protection: 1; mode=block
X-GitHub-Request-Id: FF30:1AEE00:5241501:5AEF2FC:696F3BB5
Accept-Ranges: bytes
Date: Tue, 20 Jan 2026 09:19:55 GMT
Via: 1.1 varnish
X-Served-By: cache-sin-wsss1830044-SIN
X-Cache: HIT
X-Cache-Hits: 0
X-Timer: S1768900795.980138,VS0,VE278
Vary: Authorization,Accept-Encoding
Access-Control-Allow-Origin: *
Cross-Origin-Resource-Policy: cross-origin
X-Fastly-Request-ID: 77d3f29ca366ece4e317e541632c5e84e63e585e
Expires: Tue, 20 Jan 2026 09:24:55 GMT
Source-Age: 0


