[2026-01-23 08:36:01,505] INFO - Created directoriy at artifacts
[2026-01-23 08:36:01,505] INFO - Created directoriy at artifacts/data_transformation
[2026-01-23 08:36:01,505] INFO - Path: artifacts/data_ingestion/data.csv, type <class 'str'>
[2026-01-23 08:36:01,569] INFO - Path: ['bedrooms', 'bathrooms', 'floors', 'sqft_living', 'sqft_lot', 'sqft_above', 'sqft_basement', 'sqft_living15', 'sqft_lot15', 'yr_built'], type <class 'list'>
[2026-01-23 08:36:01,582] INFO - Path: ['waterfront', 'view', 'condition', 'grade'], type <class 'list'>
[2026-01-23 08:36:01,583] INFO - Target: price
[2026-01-23 08:36:01,590] INFO - Skewness target column before log trasform 4.024069144684714
[2026-01-23 08:36:01,592] INFO - Skewness target column after log trasform 0.42807651495749055
[2026-01-23 08:36:01,601] INFO - [('sqft_lot', np.float64(13.06001895903175)), ('sqft_lot15', np.float64(9.506743246764398)), ('bedrooms', np.float64(1.9742995354360104)), ('sqft_basement', np.float64(1.577965055599625)), ('sqft_living', np.float64(1.471555426802092)), ('sqft_above', np.float64(1.4466644733818368)), ('sqft_living15', np.float64(1.108181275896697))]
[2026-01-23 08:36:01,605] INFO - Log col log_bedrooms: -0.4754890396704872, col bedrooms: 1.9742995354360104
[2026-01-23 08:36:01,609] INFO - Log col log_sqft_living: -0.03472727287537167, col sqft_living: 1.471555426802092
[2026-01-23 08:36:01,612] INFO - Log col log_sqft_lot: 0.9628928239425661, col sqft_lot: 13.06001895903175
[2026-01-23 08:36:01,617] INFO - Log col log_sqft_above: 0.25403403863991236, col sqft_above: 1.4466644733818368
[2026-01-23 08:36:01,620] INFO - Log col log_sqft_basement: 0.48460270759462765, col sqft_basement: 1.577965055599625
[2026-01-23 08:36:01,623] INFO - Log col log_sqft_living15: 0.20696438207384624, col sqft_living15: 1.108181275896697
[2026-01-23 08:36:01,625] INFO - Log col log_sqft_lot15: 0.9672552013789001, col sqft_lot15: 9.506743246764398
[2026-01-23 08:36:01,627] INFO - Columns: Index(['id', 'date', 'price', 'bedrooms', 'bathrooms', 'sqft_living',
       'sqft_lot', 'floors', 'waterfront', 'view', 'condition', 'grade',
       'sqft_above', 'sqft_basement', 'yr_built', 'yr_renovated', 'zipcode',
       'lat', 'long', 'sqft_living15', 'sqft_lot15', 'logprice',
       'is_renovated', 'log_bedrooms', 'log_sqft_living', 'log_sqft_lot',
       'log_sqft_above', 'log_sqft_basement', 'log_sqft_living15',
       'log_sqft_lot15'],
      dtype='object')
